Arguments: 
  D:\soft\node.exe D:\soft\node_modules\yarn\bin\yarn.js add typscript -g

PATH: 
  C:\Python27\;C:\Python27\Scripts;C:\Windows\system32;C:\Windows;C:\Windows\System32\Wbem;C:\Windows\System32\WindowsPowerShell\v1.0\;C:\Program Files\MySQL\MySQL Utilities 1.6\;C:\Program Files (x86)\Git\bin;C:\Program Files\TortoiseSVN\bin;C:\WINDOWS\system32;C:\WINDOWS;C:\WINDOWS\System32\Wbem;C:\WINDOWS\System32\WindowsPowerShell\v1.0\;C:\Program Files\Git\cmd;E:\easymock\redis\;D:\Microsoft VS Code\bin;C:\ProgramData\chocolatey\bin;C:\Program Files\Common Files\Autodesk Shared\;C:\Program Files (x86)\Autodesk\Backburner\;D:\soft\;C:\Ruby24-x64\bin;C:\Users\mjk\AppData\Local\Microsoft\WindowsApps;D:\Microsoft VS Code\bin;D:\Docker Toolbox;C:\Users\mjk\AppData\Local\GitHubDesktop\bin;C:\Users\mjk\AppData\Roaming\npm

Yarn version: 
  1.17.3

Node version: 
  10.16.0

Platform: 
  win32 x64

Trace: 
  Error: https://registry.npm.taobao.org/typscript: Not found
      at Request.params.callback [as _callback] (D:\soft\node_modules\yarn\lib\cli.js:66830:18)
      at Request.self.callback (D:\soft\node_modules\yarn\lib\cli.js:140464:22)
      at Request.emit (events.js:198:13)
      at Request.<anonymous> (D:\soft\node_modules\yarn\lib\cli.js:141436:10)
      at Request.emit (events.js:198:13)
      at IncomingMessage.<anonymous> (D:\soft\node_modules\yarn\lib\cli.js:141358:12)
      at Object.onceWrapper (events.js:286:20)
      at IncomingMessage.emit (events.js:203:15)
      at endReadableNT (_stream_readable.js:1129:12)
      at process._tickCallback (internal/process/next_tick.js:63:19)

npm manifest: 
  {
    "name": "jj-browser-fn",
    "version": "2.0.7",
    "author": "Javison <web_jwq@163.com> (https://www.jiweiqing.cn/)",
    "license": "MIT",
    "description": "useful js func",
    "main": "./dist/index.js",
    "types": "./dist/types/index.d.ts",
    "private": false,
    "scripts": {
      "dev": "tsc --watch",
      "build": "tsc && webpack"
    },
    "keywords": [
      "typescript",
      "js"
    ],
    "dependencies": {
      "jj-core-fn": "^2.0.8",
      "tsc": "^1.20150623.0"
    }
  }

yarn manifest: 
  No manifest

Lockfile: 
  # THIS IS AN AUTOGENERATED FILE. DO NOT EDIT THIS FILE DIRECTLY.
  # yarn lockfile v1
  
  
  jj-core-fn@^2.0.8:
    version "2.0.8"
    resolved "https://registry.yarnpkg.com/jj-core-fn/-/jj-core-fn-2.0.8.tgz#27fc96d586c47d1424ee6edfdc20c930ea1918ea"
    integrity sha512-apVultDzMFRMmny6hs5G3TcLaUyVkAQW99VGJKwR0WF9j6/9WRb3hf52L9BcGQVO2PxEY2M0XAcSl58ytPKDRw==
  
  tsc@^1.20150623.0:
    version "1.20150623.0"
    resolved "https://registry.npm.taobao.org/tsc/download/tsc-1.20150623.0.tgz#4ebc3c774e169148cbc768a7342533f082c7a6e5"
    integrity sha1-Trw8d04WkUjLx2inNCUz8ILHpuU=
